Analyzing cloud_app...                                          

   info • Statements in an if should be enclosed in a block • lib/features/auth/data/auth_repository.dart:59:11 • curly_braces_in_flow_control_structures
   info • Statements in an if should be enclosed in a block • lib/features/auth/data/auth_repository.dart:130:13 • curly_braces_in_flow_control_structures
   info • Statements in a for should be enclosed in a block • lib/features/auth/presentation/otp_page.dart:94:35 • curly_braces_in_flow_control_structures
   info • Statements in a for should be enclosed in a block • lib/features/auth/presentation/otp_page.dart:95:34 • curly_braces_in_flow_control_structures
warning • Unnecessary cast • lib/features/home/data/home_repository.dart:215:15 • unnecessary_cast
  error • Missing concrete implementation of 'abstract class State<T extends StatefulWidget> with Diagnosticable.build' • lib/features/home/presentation/home_page.dart:25:7 • non_abstract_class_inherits_abstract_member
   info • The private field _isGrid could be 'final' • lib/features/home/presentation/home_page.dart:33:8 • prefer_final_fields
warning • The declaration '_displayFiles' isn't referenced • lib/features/home/presentation/home_page.dart:49:23 • unused_element
  error • Undefined name 'FavouritesProvider' • lib/features/home/presentation/home_page.dart:51:11 • undefined_identifier
  error • Undefined name 'FavouritesProvider' • lib/features/home/presentation/home_page.dart:57:26 • undefined_identifier
warning • The declaration '_displayFolders' isn't referenced • lib/features/home/presentation/home_page.dart:66:25 • unused_element
  error • Undefined name 'FavouritesProvider' • lib/features/home/presentation/home_page.dart:83:5 • undefined_identifier
warning • The declaration '_openFileViewer' isn't referenced • lib/features/home/presentation/home_page.dart:106:16 • unused_element
   info • Statements in an if should be enclosed in a block • lib/features/home/presentation/home_page.dart:112:11 • curly_braces_in_flow_control_structures
   info • Don't use 'BuildContext's across async gaps • lib/features/home/presentation/home_page.dart:118:9 • use_build_context_synchronously
   info • Statements in an if should be enclosed in a block • lib/features/home/presentation/home_page.dart:128:11 • curly_braces_in_flow_control_structures
   info • Don't use 'BuildContext's across async gaps • lib/features/home/presentation/home_page.dart:134:9 • use_build_context_synchronously
warning • The declaration '_loadFavourites' isn't referenced • lib/features/home/presentation/home_page.dart:175:16 • unused_element
warning • The declaration '_openUploadPage' isn't referenced • lib/features/home/presentation/home_page.dart:215:8 • unused_element
warning • The declaration '_navigateTo' isn't referenced • lib/features/home/presentation/home_page.dart:245:8 • unused_element
warning • The declaration '_showFilterSheet' isn't referenced • lib/features/home/presentation/home_page.dart:258:8 • unused_element
warning • The declaration '_showCreateFolderDialog' isn't referenced • lib/features/home/presentation/home_page.dart:330:16 • unused_element
warning • The declaration '_showFolderMenu' isn't referenced • lib/features/home/presentation/home_page.dart:454:8 • unused_element
warning • The declaration '_showFileMenu' isn't referenced • lib/features/home/presentation/home_page.dart:580:8 • unused_element
  error • Undefined name 'FavouritesProvider' • lib/features/home/presentation/home_page.dart:643:19 • undefined_identifier
  error • Undefined name 'context' • lib/features/home/presentation/home_page.dart:728:14 • undefined_identifier
  error • Undefined name 'context' • lib/features/home/presentation/home_page.dart:782:14 • undefined_identifier
  error • Undefined name 'FavouritesProvider' • lib/features/home/presentation/home_page.dart:815:17 • undefined_identifier
  error • Undefined name '_isLoading' • lib/features/home/presentation/home_page.dart:823:15 • undefined_identifier
  error • Undefined name '_error' • lib/features/home/presentation/home_page.dart:827:20 • undefined_identifier
  error • Undefined name 'FavouritesProvider' • lib/features/home/presentation/home_page.dart:829:20 • undefined_identifier
  error • Undefined name '_showFavourites' • lib/features/home/presentation/home_page.dart:829:61 • undefined_identifier
  error • Undefined name '_showFavourites' • lib/features/home/presentation/home_page.dart:833:20 • undefined_identifier
  error • Undefined name 'FavouritesProvider' • lib/features/home/presentation/home_page.dart:834:15 • undefined_identifier
  error • Undefined name '_showFavourites' • lib/features/home/presentation/home_page.dart:836:21 • undefined_identifier
  error • Undefined name '_displayFolders' • lib/features/home/presentation/home_page.dart:837:15 • undefined_identifier
  error • Undefined name '_displayFiles' • lib/features/home/presentation/home_page.dart:838:15 • undefined_identifier
  error • Undefined name '_openUploadPage' • lib/features/home/presentation/home_page.dart:861:22 • undefined_identifier
  error • Undefined name '_showCreateFolderDialog' • lib/features/home/presentation/home_page.dart:880:22 • undefined_identifier
  error • Undefined name '_userName' • lib/features/home/presentation/home_page.dart:916:13 • undefined_identifier
  error • Undefined name '_showFavourites' • lib/features/home/presentation/home_page.dart:932:11 • undefined_identifier
  error • Undefined name '_showFavourites' • lib/features/home/presentation/home_page.dart:933:18 • undefined_identifier
  error • The function 'setState' isn't defined • lib/features/home/presentation/home_page.dart:936:11 • undefined_function
  error • Undefined name '_showFavourites' • lib/features/home/presentation/home_page.dart:937:13 • undefined_identifier
  error • Undefined name '_showFavourites' • lib/features/home/presentation/home_page.dart:937:32 • undefined_identifier
  error • Undefined name '_activeFilter' • lib/features/home/presentation/home_page.dart:938:13 • undefined_identifier
  error • Undefined name '_isGrid' • lib/features/home/presentation/home_page.dart:945:11 • undefined_identifier
  error • The function 'setState' isn't defined • lib/features/home/presentation/home_page.dart:948:26 • undefined_function
  error • Undefined name '_isGrid' • lib/features/home/presentation/home_page.dart:948:41 • undefined_identifier
  error • Undefined name '_isGrid' • lib/features/home/presentation/home_page.dart:948:52 • undefined_identifier
  error • Undefined name '_loadContent' • lib/features/home/presentation/home_page.dart:952:20 • undefined_identifier
  error • The function '_navigateTo' isn't defined • lib/features/home/presentation/home_page.dart:969:15 • undefined_function
  error • The function 'setState' isn't defined • lib/features/home/presentation/home_page.dart:970:15 • undefined_function
  error • Undefined name '_showFavourites' • lib/features/home/presentation/home_page.dart:971:17 • undefined_identifier
  error • Undefined name '_activeFilter' • lib/features/home/presentation/home_page.dart:972:17 • undefined_identifier
  error • Undefined name '_breadcrumb' • lib/features/home/presentation/home_page.dart:978:24 • undefined_identifier
  error • Undefined name '_showFavourites' • lib/features/home/presentation/home_page.dart:978:48 • undefined_identifier
  error • Undefined name '_breadcrumb' • lib/features/home/presentation/home_page.dart:988:28 • undefined_identifier
  error • Undefined name '_showFavourites' • lib/features/home/presentation/home_page.dart:988:52 • undefined_identifier
  error • Undefined name '_breadcrumb' • lib/features/home/presentation/home_page.dart:996:30 • undefined_identifier
  error • Undefined name '_showFavourites' • lib/features/home/presentation/home_page.dart:996:54 • undefined_identifier
  error • Undefined name '_breadcrumb' • lib/features/home/presentation/home_page.dart:999:35 • undefined_identifier
  error • Undefined name '_showFavourites' • lib/features/home/presentation/home_page.dart:999:59 • undefined_identifier
  error • Undefined name '_showFavourites' • lib/features/home/presentation/home_page.dart:1009:15 • undefined_identifier
  error • Undefined name '_breadcrumb' • lib/features/home/presentation/home_page.dart:1033:31 • undefined_identifier
  error • The function '_navigateTo' isn't defined • lib/features/home/presentation/home_page.dart:1036:28 • undefined_function
  error • Undefined name '_breadcrumb' • lib/features/home/presentation/home_page.dart:1043:31 • undefined_identifier
  error • Undefined name '_breadcrumb' • lib/features/home/presentation/home_page.dart:1049:19 • undefined_identifier
  error • Undefined name '_breadcrumb' • lib/features/home/presentation/home_page.dart:1051:33 • undefined_identifier
  error • Undefined name '_breadcrumb' • lib/features/home/presentation/home_page.dart:1054:38 • undefined_identifier
  error • Undefined name '_folders' • lib/features/home/presentation/home_page.dart:1070:17 • undefined_identifier
  error • Undefined name '_files' • lib/features/home/presentation/home_page.dart:1070:35 • undefined_identifier
  error • Undefined name 'FavouritesProvider' • lib/features/home/presentation/home_page.dart:1071:20 • undefined_identifier
  error • Undefined name '_folders' • lib/features/home/presentation/home_page.dart:1100:20 • undefined_identifier
  error • Undefined name '_files' • lib/features/home/presentation/home_page.dart:1100:47 • undefined_identifier
  error • The function 'setState' isn't defined • lib/features/home/presentation/home_page.dart:1112:15 • undefined_function
  error • Undefined name '_showFavourites' • lib/features/home/presentation/home_page.dart:1113:17 • undefined_identifier
  error • Undefined name '_showFavourites' • lib/features/home/presentation/home_page.dart:1113:36 • undefined_identifier
  error • Undefined name '_activeFilter' • lib/features/home/presentation/home_page.dart:1114:17 • undefined_identifier
  error • Undefined name '_downloadProgress' • lib/features/home/presentation/home_page.dart:1145:7 • undefined_identifier
  error • The function 'setState' isn't defined • lib/features/home/presentation/home_page.dart:1146:3 • undefined_function
  error • Undefined name '_downloadProgress' • lib/features/home/presentation/home_page.dart:1147:5 • undefined_identifier
  error • Undefined name '_downloadReceivedBytes' • lib/features/home/presentation/home_page.dart:1148:5 • undefined_identifier
  error • Undefined name '_downloadRepo' • lib/features/home/presentation/home_page.dart:1151:11 • undefined_identifier
  error • Undefined name 'mounted' • lib/features/home/presentation/home_page.dart:1155:14 • undefined_identifier
  error • The function 'setState' isn't defined • lib/features/home/presentation/home_page.dart:1156:9 • undefined_function
  error • Undefined name '_downloadReceivedBytes' • lib/features/home/presentation/home_page.dart:1157:11 • undefined_identifier
  error • Undefined name '_downloadProgress' • lib/features/home/presentation/home_page.dart:1158:26 • undefined_identifier
  error • Undefined name 'mounted' • lib/features/home/presentation/home_page.dart:1162:10 • undefined_identifier
  error • The function 'setState' isn't defined • lib/features/home/presentation/home_page.dart:1163:5 • undefined_function
  error • Undefined name '_downloadProgress' • lib/features/home/presentation/home_page.dart:1164:7 • undefined_identifier
  error • Undefined name '_downloadReceivedBytes' • lib/features/home/presentation/home_page.dart:1165:7 • undefined_identifier
  error • Undefined name 'context' • lib/features/home/presentation/home_page.dart:1167:26 • undefined_identifier
  error • Undefined name 'mounted' • lib/features/home/presentation/home_page.dart:1174:10 • undefined_identifier
  error • The function 'setState' isn't defined • lib/features/home/presentation/home_page.dart:1175:5 • undefined_function
  error • Undefined name '_downloadProgress' • lib/features/home/presentation/home_page.dart:1176:7 • undefined_identifier
  error • Undefined name '_downloadReceivedBytes' • lib/features/home/presentation/home_page.dart:1177:7 • undefined_identifier
  error • Undefined name 'context' • lib/features/home/presentation/home_page.dart:1179:26 • undefined_identifier
  error • Undefined name '_showFavourites' • lib/features/home/presentation/home_page.dart:1188:11 • undefined_identifier
  error • Undefined name '_displayFiles' • lib/features/home/presentation/home_page.dart:1209:20 • undefined_identifier
  error • Undefined name '_showFilterSheet' • lib/features/home/presentation/home_page.dart:1219:22 • undefined_identifier
  error • Undefined name '_activeFilter' • lib/features/home/presentation/home_page.dart:1226:26 • undefined_identifier
  error • Undefined name '_activeFilter' • lib/features/home/presentation/home_page.dart:1236:30 • undefined_identifier
  error • Undefined name '_activeFilter' • lib/features/home/presentation/home_page.dart:1242:23 • undefined_identifier
  error • Undefined name '_activeFilter' • lib/features/home/presentation/home_page.dart:1244:29 • undefined_identifier
  error • Undefined name '_activeFilter' • lib/features/home/presentation/home_page.dart:1249:32 • undefined_identifier
  error • Undefined name '_displayFolders' • lib/features/home/presentation/home_page.dart:1264:11 • undefined_identifier
  error • Undefined name '_displayFolders' • lib/features/home/presentation/home_page.dart:1268:11 • undefined_identifier
  error • Undefined name '_isGrid' • lib/features/home/presentation/home_page.dart:1271:9 • undefined_identifier
  error • Undefined name '_displayFiles' • lib/features/home/presentation/home_page.dart:1274:11 • undefined_identifier
  error • Undefined name '_showFavourites' • lib/features/home/presentation/home_page.dart:1275:14 • undefined_identifier
  error • Undefined name '_displayFiles' • lib/features/home/presentation/home_page.dart:1279:13 • undefined_identifier
  error • Undefined name '_displayFiles' • lib/features/home/presentation/home_page.dart:1282:12 • undefined_identifier
  error • Undefined name '_authToken' • lib/features/home/presentation/home_page.dart:1285:24 • undefined_identifier
  error • Undefined name '_previewUrls' • lib/features/home/presentation/home_page.dart:1286:25 • undefined_identifier
  error • The function '_openFileViewer' isn't defined • lib/features/home/presentation/home_page.dart:1287:26 • undefined_function
  error • The function '_showFileMenu' isn't defined • lib/features/home/presentation/home_page.dart:1288:30 • undefined_function
  error • Undefined name '_downloadProgress' • lib/features/home/presentation/home_page.dart:1289:31 • undefined_identifier
  error • Undefined name '_downloadReceivedBytes' • lib/features/home/presentation/home_page.dart:1290:36 • undefined_identifier
  error • The function '_toggleFavouriteLocal' isn't defined • lib/features/home/presentation/home_page.dart:1291:35 • undefined_function
  error • Undefined name '_displayFolders' • lib/features/home/presentation/home_page.dart:1342:16 • undefined_identifier
  error • Undefined name '_displayFolders' • lib/features/home/presentation/home_page.dart:1344:15 • undefined_identifier
  error • The function '_openFolder' isn't defined • lib/features/home/presentation/home_page.dart:1345:20 • undefined_function
  error • Undefined name '_displayFolders' • lib/features/home/presentation/home_page.dart:1345:32 • undefined_identifier
  error • The function '_showFolderMenu' isn't defined • lib/features/home/presentation/home_page.dart:1346:24 • undefined_function
  error • Undefined name '_displayFolders' • lib/features/home/presentation/home_page.dart:1346:40 • undefined_identifier
  error • Undefined name '_displayFolders' • lib/features/home/presentation/home_page.dart:1353:15 • undefined_identifier
  error • The function '_openFolder' isn't defined • lib/features/home/presentation/home_page.dart:1357:26 • undefined_function
  error • The function '_showFolderMenu' isn't defined • lib/features/home/presentation/home_page.dart:1358:30 • undefined_function
  error • Undefined name '_error' • lib/features/home/presentation/home_page.dart:1373:11 • undefined_identifier
  error • Undefined name '_loadContent' • lib/features/home/presentation/home_page.dart:1379:22 • undefined_identifier
   info • The private field _previousIndex could be 'final' • lib/features/home/presentation/main_page.dart:24:7 • prefer_final_fields
warning • The value of the field '_previousIndex' isn't used • lib/features/home/presentation/main_page.dart:24:7 • unused_field
warning • The value of the field '_authToken' isn't used • lib/features/home/presentation/main_page.dart:244:11 • unused_field
   info • Statements in an if should be enclosed in a block • lib/features/home/presentation/main_page.dart:277:11 • curly_braces_in_flow_control_structures
   info • Don't use 'BuildContext's across async gaps • lib/features/home/presentation/main_page.dart:283:9 • use_build_context_synchronously
   info • Statements in an if should be enclosed in a block • lib/features/home/presentation/main_page.dart:293:11 • curly_braces_in_flow_control_structures
   info • Don't use 'BuildContext's across async gaps • lib/features/home/presentation/main_page.dart:299:9 • use_build_context_synchronously
warning • The value of the field '_authToken' isn't used • lib/features/home/presentation/shared_page.dart:24:11 • unused_field
   info • Statements in an if should be enclosed in a block • lib/features/home/presentation/shared_page.dart:94:9 • curly_braces_in_flow_control_structures
   info • Statements in an if should be enclosed in a block • lib/features/home/presentation/shared_page.dart:113:9 • curly_braces_in_flow_control_structures
warning • Unused import: 'dart:convert' • lib/features/profile/presentation/profile_page.dart:1:8 • unused_import
   info • The private field _language could be 'final' • lib/features/profile/presentation/profile_page.dart:29:10 • prefer_final_fields
   info • The private field _isLoading could be 'final' • lib/features/profile/presentation/profile_page.dart:32:8 • prefer_final_fields
warning • The value of the field '_isLoading' isn't used • lib/features/profile/presentation/profile_page.dart:32:8 • unused_field
   info • 'activeColor' is deprecated and shouldn't be used. Use activeThumbColor instead. This feature was deprecated after v3.31.0-2.0.pre • lib/features/profile/presentation/profile_page.dart:228:19 • deprecated_member_use
   info • 'withOpacity' is deprecated and shouldn't be used. Use .withValues() to avoid precision loss • lib/features/profile/presentation/profile_page.dart:559:26 • deprecated_member_use
   info • Use 'const' with the constructor to improve performance • lib/features/upload/data/upload_repository.dart:100:30 • prefer_const_constructors
   info • Use 'const' with the constructor to improve performance • lib/features/upload/data/upload_repository.dart:106:13 • prefer_const_constructors
warning • The receiver can't be null, so the null-aware operator '?.' is unnecessary • lib/features/upload/data/upload_repository.dart:179:20 • invalid_null_aware_operator
warning • A value for optional parameter 'status' isn't ever given • lib/features/upload/presentation/upload_page.dart:21:10 • unused_element_parameter
warning • A value for optional parameter 'progress' isn't ever given • lib/features/upload/presentation/upload_page.dart:22:10 • unused_element_parameter
warning • A value for optional parameter 'error' isn't ever given • lib/features/upload/presentation/upload_page.dart:23:10 • unused_element_parameter
warning • A value for optional parameter 'cancelRequested' isn't ever given • lib/features/upload/presentation/upload_page.dart:24:10 • unused_element_parameter
   info • Statements in an if should be enclosed in a block • lib/features/upload/presentation/upload_page.dart:211:7 • curly_braces_in_flow_control_structures
warning • Unused import: 'core/storage/secure_storage.dart' • lib/main.dart:3:8 • unused_import

156 issues found. (ran in 1.6s)
